<?xml version="1.0" encoding="UTF-8"?>
<testng-results skipped="0" failed="0" ignored="0" total="1" passed="1">
  <reporter-output>
  </reporter-output>
  <suite name="Default suite" duration-ms="11068" started-at="2020-11-28T18:02:24 IST" finished-at="2020-11-28T18:02:35 IST">
    <groups>
    </groups>
    <test name="Default test" duration-ms="11068" started-at="2020-11-28T18:02:24 IST" finished-at="2020-11-28T18:02:35 IST">
      <class name="com.api.restassured.ValidateRestAssuredAPI">
        <test-method status="PASS" signature="restAPIValidation()[pri:0, instance:com.api.restassured.ValidateRestAssuredAPI@1efed156]" name="restAPIValidation" duration-ms="10989" started-at="2020-11-28T18:02:24 IST" finished-at="2020-11-28T18:02:35 IST">
          <reporter-output>
          </reporter-output>
        </test-method> <!-- restAPIValidation -->
      </class> <!-- com.api.restassured.ValidateRestAssuredAPI -->
    </test> <!-- Default test -->
  </suite> <!-- Default suite -->
</testng-results>
